<?xml version="1.0" encoding="UTF-8"?>
<testsuite xmlns:xsi="http://www.w3.org/2001/XMLSchema-instance" xsi:noNamespaceSchemaLocation="https://maven.apache.org/surefire/maven-surefire-plugin/xsd/surefire-test-report-3.0.xsd" version="3.0" name="com.zoiko.shieldcore.tenant.TenantServiceTests" time="0.468" tests="3" errors="0" skipped="0" failures="0">
  <properties>
[...]
</properties>
  <testcase name="testCrossTenantAccessRejection" classname="com.zoiko.shieldcore.tenant.TenantServiceTests" time="0.005">
    <system-out><![CDATA[2026-08-05T09:26:39.020Z  INFO 102 --- [           main] t.c.s.AnnotationConfigContextLoaderUtils : Could not detect default configuration classes for test class [com.zoiko.shieldcore.tenant.TenantServiceTests]: TenantServiceTests does not declare any static, non-private, non-final, nested classes annotated with @Configuration.
2026-08-05T09:26:39.442Z  INFO 102 --- [           main] .b.t.c.SpringBootTestContextBootstrapper : Found @SpringBootConfiguration com.zoiko.shieldcore.ShieldCoreApplication for test class com.zoiko.shieldcore.tenant.TenantServiceTests
]]></system-out>
  </testcase>
  <testcase name="testCreateTenant_HappyPath" classname="com.zoiko.shieldcore.tenant.TenantServiceTests" time="0.003"/>
  <testcase name="testOutboxOnlyAppearsOnCommit_NeverOnRollback" classname="com.zoiko.shieldcore.tenant.TenantServiceTests" time="0.003"/>
</testsuite>